<?xml version="1.0" encoding="UTF-8"?>
<!-- Generated by org.testng.reporters.JUnitReportReporter -->
<testsuite skipped="0" hostname="A4SITML27126" name="mindtree.yorbit.mercury.testcases.RegistrationTest" tests="2" failures="0" timestamp="16 Oct 2019 06:47:58 GMT" time="268.978" errors="0">
  <testcase name="registration" time="165.791" classname="mindtree.yorbit.mercury.testcases.RegistrationTest"/>
  <testcase name="registration" time="103.187" classname="mindtree.yorbit.mercury.testcases.RegistrationTest"/>
</testsuite> <!-- mindtree.yorbit.mercury.testcases.RegistrationTest -->
