<?xml version="1.0" encoding="UTF-8"?>
<!-- Generated by org.testng.reporters.JUnitReportReporter -->
<testsuite skipped="0" hostname="A4SITML27126" name="mindtree.yorbit.mercury.testcases.HeaderHyperlinkTest" tests="1" failures="0" timestamp="16 Oct 2019 06:47:58 GMT" time="82.799" errors="0">
  <testcase name="hyperLinks" time="82.799" classname="mindtree.yorbit.mercury.testcases.HeaderHyperlinkTest"/>
</testsuite> <!-- mindtree.yorbit.mercury.testcases.HeaderHyperlinkTest -->
