<?xml version="1.0" encoding="UTF-8"?>
<!-- Generated by org.testng.reporters.JUnitReportReporter -->
<testsuite skipped="0" hostname="A4SITML27126" name="mindtree.yorbit.mercury.testcases.RoundTripBookingTest" tests="1" failures="0" timestamp="16 Oct 2019 06:47:58 GMT" time="134.798" errors="0">
  <testcase name="roundTripBooking" time="134.798" classname="mindtree.yorbit.mercury.testcases.RoundTripBookingTest"/>
</testsuite> <!-- mindtree.yorbit.mercury.testcases.RoundTripBookingTest -->
